INFO:2022-20-01 23:23:28:Trackers: Siam_LTD  Seq_num: 171 frame_num: 188710  pr: 0.530123783690305  re: 0.4090083626771574  fscore: 0.461756232330167
INFO:2022-20-01 23:23:28:Trackers: ATCAIS  Seq_num: 4 frame_num: 866  pr: 0.7879099120460049  re: 0.6331790120372535  fscore: 0.7021207627882685
INFO:2022-20-01 23:23:32:Trackers: iiau_rgbd  Seq_num: 171 frame_num: 188710  pr: 0.7073802809708051  re: 0.4540866850382623  fscore: 0.5531142533501204
INFO:2022-20-01 23:23:36:Trackers: TSDM  Seq_num: 171 frame_num: 188710  pr: 0.48833402476154975  re: 0.4567613496893035  fscore: 0.4720203151536943
INFO:2022-20-01 23:23:40:Trackers: CLGS_D  Seq_num: 166 frame_num: 187514  pr: 0.6835065522657183  re: 0.4474374209896209  fscore: 0.5408338807358982
INFO:2022-20-01 23:23:41:Trackers: ATCAIS19  Seq_num: 82 frame_num: 83471  pr: 0.48888669675854224  re: 0.49824623597587736  fscore: 0.4935220949500197
INFO:2022-20-01 23:23:46:Trackers: SLMD  Seq_num: 171 frame_num: 188710  pr: 0.6110990892949567  re: 0.5148396416655159  fscore: 0.5588546294812263
DEBUG:2022-20-01 23:23:46:use \ t in DAL
DEBUG:2022-20-01 23:23:46:use \ t in DAL
DEBUG:2022-20-01 23:23:46:use \ t in DAL
DEBUG:2022-20-01 23:23:46:use \ t in DAL
DEBUG:2022-20-01 23:23:46:use \ t in DAL
DEBUG:2022-20-01 23:23:46:use \ t in DAL
DEBUG:2022-20-01 23:23:46:use \ t in DAL
DEBUG:2022-20-01 23:23:46:use \ t in DAL
DEBUG:2022-20-01 23:23:46:use \ t in DAL
DEBUG:2022-20-01 23:23:46:use \ t in DAL
DEBUG:2022-20-01 23:23:47:use \ t in DAL
DEBUG:2022-20-01 23:23:47:use \ t in DAL
DEBUG:2022-20-01 23:23:47:use \ t in DAL
DEBUG:2022-20-01 23:23:47:use \ t in DAL
DEBUG:2022-20-01 23:23:47:use \ t in DAL
DEBUG:2022-20-01 23:23:47:use \ t in DAL
DEBUG:2022-20-01 23:23:47:use \ t in DAL
DEBUG:2022-20-01 23:23:47:use \ t in DAL
DEBUG:2022-20-01 23:23:47:use \ t in DAL
DEBUG:2022-20-01 23:23:47:use \ t in DAL
DEBUG:2022-20-01 23:23:47:use \ t in DAL
DEBUG:2022-20-01 23:23:47:use \ t in DAL
DEBUG:2022-20-01 23:23:47:use \ t in DAL
DEBUG:2022-20-01 23:23:47:use \ t in DAL
DEBUG:2022-20-01 23:23:47:use \ t in DAL
DEBUG:2022-20-01 23:23:47:use \ t in DAL
DEBUG:2022-20-01 23:23:47:use \ t in DAL
DEBUG:2022-20-01 23:23:47:use \ t in DAL
DEBUG:2022-20-01 23:23:47:use \ t in DAL
DEBUG:2022-20-01 23:23:47:use \ t in DAL
DEBUG:2022-20-01 23:23:47:use \ t in DAL
DEBUG:2022-20-01 23:23:47:use \ t in DAL
DEBUG:2022-20-01 23:23:47:use \ t in DAL
DEBUG:2022-20-01 23:23:47:use \ t in DAL
DEBUG:2022-20-01 23:23:47:use \ t in DAL
DEBUG:2022-20-01 23:23:47:use \ t in DAL
DEBUG:2022-20-01 23:23:47:use \ t in DAL
DEBUG:2022-20-01 23:23:47:use \ t in DAL
DEBUG:2022-20-01 23:23:47:use \ t in DAL
DEBUG:2022-20-01 23:23:47:use \ t in DAL
DEBUG:2022-20-01 23:23:47:use \ t in DAL
DEBUG:2022-20-01 23:23:47:use \ t in DAL
DEBUG:2022-20-01 23:23:47:use \ t in DAL
DEBUG:2022-20-01 23:23:47:use \ t in DAL
DEBUG:2022-20-01 23:23:48:use \ t in DAL
DEBUG:2022-20-01 23:23:48:use \ t in DAL
DEBUG:2022-20-01 23:23:48:use \ t in DAL
DEBUG:2022-20-01 23:23:48:use \ t in DAL
DEBUG:2022-20-01 23:23:48:use \ t in DAL
DEBUG:2022-20-01 23:23:48:use \ t in DAL
DEBUG:2022-20-01 23:23:48:use \ t in DAL
DEBUG:2022-20-01 23:23:48:use \ t in DAL
DEBUG:2022-20-01 23:23:48:use \ t in DAL
DEBUG:2022-20-01 23:23:48:use \ t in DAL
DEBUG:2022-20-01 23:23:48:use \ t in DAL
DEBUG:2022-20-01 23:23:48:use \ t in DAL
DEBUG:2022-20-01 23:23:48:use \ t in DAL
DEBUG:2022-20-01 23:23:48:use \ t in DAL
DEBUG:2022-20-01 23:23:48:use \ t in DAL
DEBUG:2022-20-01 23:23:48:use \ t in DAL
DEBUG:2022-20-01 23:23:48:use \ t in DAL
DEBUG:2022-20-01 23:23:48:use \ t in DAL
DEBUG:2022-20-01 23:23:48:use \ t in DAL
DEBUG:2022-20-01 23:23:48:use \ t in DAL
DEBUG:2022-20-01 23:23:48:use \ t in DAL
DEBUG:2022-20-01 23:23:48:use \ t in DAL
DEBUG:2022-20-01 23:23:48:use \ t in DAL
DEBUG:2022-20-01 23:23:48:use \ t in DAL
DEBUG:2022-20-01 23:23:48:use \ t in DAL
DEBUG:2022-20-01 23:23:48:use \ t in DAL
DEBUG:2022-20-01 23:23:48:use \ t in DAL
DEBUG:2022-20-01 23:23:48:use \ t in DAL
DEBUG:2022-20-01 23:23:48:use \ t in DAL
DEBUG:2022-20-01 23:23:49:use \ t in DAL
DEBUG:2022-20-01 23:23:49:use \ t in DAL
DEBUG:2022-20-01 23:23:49:use \ t in DAL
DEBUG:2022-20-01 23:23:49:use \ t in DAL
DEBUG:2022-20-01 23:23:49:use \ t in DAL
DEBUG:2022-20-01 23:23:49:use \ t in DAL
DEBUG:2022-20-01 23:23:49:use \ t in DAL
INFO:2022-20-01 23:23:49:Trackers: DAL  Seq_num: 117 frame_num: 111151  pr: 0.660960714338227  re: 0.44969445904953803  fscore: 0.5352342977536425
INFO:2022-20-01 23:23:54:Trackers: TALGD  Seq_num: 169 frame_num: 188010  pr: 0.6635791500671635  re: 0.517313317721997  fscore: 0.5813879604720742
INFO:2022-20-01 23:23:59:Trackers: sttc_rgbd  Seq_num: 166 frame_num: 187514  pr: 0.6541762101142996  re: 0.4446236262861717  fscore: 0.5294179870357318
INFO:2022-20-01 23:24:04:Trackers: DRefine  Seq_num: 171 frame_num: 188710  pr: 0.6141867989202001  re: 0.5058436067145643  fscore: 0.5547750561042871
INFO:2022-20-01 23:24:05:Trackers: stc  Seq_num: 36 frame_num: 9195  pr: 0.3951919747980714  re: 0.3951919747980714  fscore: 0.3951919747980714
INFO:2022-20-01 23:24:09:Trackers: DDiMP  Seq_num: 171 frame_num: 188710  pr: 0.6160764891710271  re: 0.5208463000741136  fscore: 0.5644730899631769
INFO:2022-20-01 23:24:15:Trackers: siammds  Seq_num: 166 frame_num: 187514  pr: 0.06828622439550608  re: 0.061600757834274586  fscore: 0.06477143590822507
INFO:2022-20-01 23:24:17:Trackers: DeT  Seq_num: 80 frame_num: 101956  pr: 0.5976867633256512  re: 0.42789773930467956  fscore: 0.49873767433781363
INFO:2022-20-01 23:24:19:Trackers: SiamDW_D  Seq_num: 89 frame_num: 89595  pr: 0.46686100767488464  re: 0.35449537466618075  fscore: 0.40299210279714015
INFO:2022-20-01 23:24:21:Trackers: LTDSEd  Seq_num: 89 frame_num: 89595  pr: 0.5011713466425567  re: 0.43526130384650225  fscore: 0.4658968131370068
INFO:2022-23-01 19:24:08:Trackers: TSDM_sre1  Seq_num: 0 frame_num: 0  pr: 1.0  re: 0.0  fscore: 0.0
INFO:2022-23-01 19:24:22:Trackers: TSDM_sre4  Seq_num: 0 frame_num: 0  pr: 1.0  re: 0.0  fscore: 0.0
INFO:2022-23-01 19:24:22:Trackers: TSDM_sre2  Seq_num: 0 frame_num: 0  pr: 1.0  re: 0.0  fscore: 0.0
INFO:2022-23-01 19:24:22:Trackers: TSDM_sre3  Seq_num: 0 frame_num: 0  pr: 1.0  re: 0.0  fscore: 0.0
INFO:2022-23-01 19:24:22:Trackers: TSDM_sre6  Seq_num: 0 frame_num: 0  pr: 1.0  re: 0.0  fscore: 0.0
INFO:2022-23-01 19:24:22:Trackers: TSDM_sre5  Seq_num: 0 frame_num: 0  pr: 1.0  re: 0.0  fscore: 0.0
INFO:2022-23-01 19:24:22:Trackers: TSDM_sre7  Seq_num: 0 frame_num: 0  pr: 1.0  re: 0.0  fscore: 0.0
INFO:2022-23-01 19:24:22:Trackers: TSDM_sre8  Seq_num: 0 frame_num: 0  pr: 1.0  re: 0.0  fscore: 0.0
INFO:2022-23-01 20:20:06:Trackers: TSDM_sre1  Seq_num: 0 frame_num: 0  pr: 1.0  re: 0.0  fscore: 0.0
INFO:2022-23-01 20:20:06:Trackers: TSDM_sre4  Seq_num: 0 frame_num: 0  pr: 1.0  re: 0.0  fscore: 0.0
INFO:2022-23-01 20:20:06:Trackers: TSDM_sre2  Seq_num: 0 frame_num: 0  pr: 1.0  re: 0.0  fscore: 0.0
INFO:2022-23-01 20:20:06:Trackers: TSDM_sre3  Seq_num: 0 frame_num: 0  pr: 1.0  re: 0.0  fscore: 0.0
INFO:2022-23-01 20:20:06:Trackers: TSDM_sre6  Seq_num: 0 frame_num: 0  pr: 1.0  re: 0.0  fscore: 0.0
INFO:2022-23-01 20:20:07:Trackers: TSDM_sre5  Seq_num: 0 frame_num: 0  pr: 1.0  re: 0.0  fscore: 0.0
INFO:2022-23-01 20:20:07:Trackers: TSDM_sre7  Seq_num: 0 frame_num: 0  pr: 1.0  re: 0.0  fscore: 0.0
INFO:2022-23-01 20:20:07:Trackers: TSDM_sre8  Seq_num: 0 frame_num: 0  pr: 1.0  re: 0.0  fscore: 0.0
INFO:2022-23-01 20:24:37:Trackers: TSDM_sre1  Seq_num: 171 frame_num: 188710  pr: 0.4646910323075539  re: 0.43620599199470506  fscore: 0.44999818458885726
INFO:2022-23-01 20:24:59:Trackers: TSDM_sre4  Seq_num: 171 frame_num: 188710  pr: 0.463644771891277  re: 0.4365822121522031  fscore: 0.44970671564610787
INFO:2022-23-01 20:25:20:Trackers: TSDM_sre2  Seq_num: 171 frame_num: 188710  pr: 0.47442429918225754  re: 0.44926423582489805  fscore: 0.4615016039518745
INFO:2022-23-01 20:25:41:Trackers: TSDM_sre3  Seq_num: 171 frame_num: 188710  pr: 0.4612715525879103  re: 0.42620253364772964  fscore: 0.44304415748403025
INFO:2022-23-01 20:26:04:Trackers: TSDM_sre6  Seq_num: 171 frame_num: 188710  pr: 0.444246149177708  re: 0.4210489389419731  fscore: 0.4323366035667597
INFO:2022-23-01 20:26:26:Trackers: TSDM_sre5  Seq_num: 171 frame_num: 188710  pr: 0.4416310165831166  re: 0.41227174581113146  fscore: 0.4264466593375496
INFO:2022-23-01 20:26:47:Trackers: TSDM_sre7  Seq_num: 171 frame_num: 188710  pr: 0.44533592332208205  re: 0.4155090748821913  fscore: 0.4299057737394337
INFO:2022-23-01 20:27:08:Trackers: TSDM_sre8  Seq_num: 171 frame_num: 188710  pr: 0.45669297971211364  re: 0.4327425121900024  fscore: 0.44439528024120595
