INFO:2022-03-03 17:31:30:Trackers: Siam_LTD  Seq_num: 171 frame_num: 188710  pr: 0.5316607609282843  re: 0.45007711276078444  fscore: 0.4657552433264817
INFO:2022-03-03 17:31:34:Trackers: CA3DMS  Seq_num: 128 frame_num: 174951  pr: 0.2413876340549866  re: 0.2472192186703685  fscore: 0.24403033372669222
INFO:2022-03-03 17:31:55:Trackers: iiau_rgbd  Seq_num: 171 frame_num: 188710  pr: 0.7084678770239211  re: 0.6576875618163147  fscore: 0.6569901309262882
INFO:2022-03-03 17:32:19:Trackers: TSDM  Seq_num: 171 frame_num: 188710  pr: 0.48811828786270905  re: 0.4652881907889521  fscore: 0.47210000674013464
INFO:2022-03-03 17:32:37:Trackers: CLGS_D  Seq_num: 166 frame_num: 187514  pr: 0.6842719471810588  re: 0.49714685920623536  fscore: 0.5667010774127147
INFO:2022-03-03 17:32:40:Trackers: ATCAIS19  Seq_num: 162 frame_num: 185427  pr: 0.5710908825975307  re: 0.597655947667197  fscore: 0.5840715094228116
INFO:2022-03-03 17:33:04:Trackers: SLMD  Seq_num: 171 frame_num: 188710  pr: 0.6109214230270166  re: 0.5784228837554719  fscore: 0.5863365890854505
INFO:2022-03-03 17:33:19:Trackers: DSKCF_shape  Seq_num: 169 frame_num: 187626  pr: 0.03865842614425254  re: 0.040433278687449295  fscore: 0.03952593818112305
INFO:2022-03-03 17:33:32:Trackers: CSRKCF  Seq_num: 171 frame_num: 188710  pr: 0.1595455033497256  re: 0.1668319698623951  fscore: 0.16310740042541386
INFO:2022-03-03 17:33:43:Trackers: DAL  Seq_num: 164 frame_num: 183564  pr: 0.5974051028935783  re: 0.4956465158306182  fscore: 0.5258261820015524
INFO:2022-03-03 17:34:01:Trackers: TALGD  Seq_num: 169 frame_num: 188010  pr: 0.6633740447036748  re: 0.6117833309645475  fscore: 0.6224351965885865
INFO:2022-03-03 17:34:06:Trackers: OTR  Seq_num: 80 frame_num: 101956  pr: 0.3339565058305277  re: 0.33024035759630865  fscore: 0.32679000765908045
INFO:2022-03-03 17:34:11:Trackers: sttc_rgbd  Seq_num: 166 frame_num: 187514  pr: 0.6554682895765782  re: 0.5918813129743093  fscore: 0.5918329610789613
INFO:2022-03-03 17:34:27:Trackers: DRefine  Seq_num: 171 frame_num: 188710  pr: 0.6139886906252494  re: 0.5823609100239938  fscore: 0.5904232062155848
INFO:2022-03-03 17:34:31:Trackers: DDiMP  Seq_num: 171 frame_num: 188710  pr: 0.615833359554041  re: 0.5849823298278599  fscore: 0.5923259293921951
INFO:2022-03-03 17:34:44:Trackers: DSKCF  Seq_num: 164 frame_num: 180373  pr: 0.007326815629597605  re: 0.007666815851331459  fscore: 0.007492960765406419
INFO:2022-03-03 17:35:10:Trackers: siammds  Seq_num: 166 frame_num: 187514  pr: 0.07027604551934369  re: 0.06649456740994024  fscore: 0.06506077016059093
INFO:2022-03-03 17:35:32:Trackers: DeT  Seq_num: 166 frame_num: 187514  pr: 0.5861976375429823  re: 0.5447404700817778  fscore: 0.5600187877113413
INFO:2022-03-03 17:35:40:Trackers: SiamDW_D  Seq_num: 89 frame_num: 89595  pr: 0.4683387779622461  re: 0.4603988060172734  fscore: 0.45764695036091835
INFO:2022-03-03 17:35:42:Trackers: LTDSEd  Seq_num: 89 frame_num: 89595  pr: 0.5033767937099483  re: 0.45243072899764214  fscore: 0.4662177079176546
